2019-10-13 09:24:22	删除所有:删除所有数据False
2019-10-13 10:21:08	删除所有:删除所有数据False
2019-10-13 10:21:19	删除数据:删除数据失败
2019-10-13 10:21:21	查询数据:查询数据不存在
2019-10-13 10:21:25	新增数据:插入数据成功
2019-10-13 10:21:52	新增数据:插入数据失败
2019-10-13 10:22:08	删除数据:删除数据成功
2019-10-13 10:22:13	查询数据:查询数据不存在
2019-10-13 10:23:24	新增数据:插入数据成功
2019-10-13 10:23:37	删除数据:删除数据成功
2019-10-13 10:23:58	新增数据:插入数据成功
2019-10-13 10:24:05	查询数据:查询数据不存在
2019-10-13 10:24:15	查询数据:查询数据不存在
2019-10-13 10:24:28	QueryStudent 异常:字符串 '00012'' 后的引号不完整。
“00012'”附近有语法错误。
2019-10-13 10:24:28	查询数据:查询数据失败
2019-10-13 10:24:41	批量插入数据:[20000][张三0][男][2000-01-01 00:00:00] 插入True
2019-10-13 10:24:41	批量插入数据:[20001][张三1][男][2000-01-01 00:00:00] 插入True
2019-10-13 10:24:41	批量插入数据:[20002][张三2][男][2000-01-01 00:00:00] 插入True
2019-10-13 10:24:41	批量插入数据:[20003][张三3][男][2000-01-01 00:00:00] 插入True
2019-10-13 10:24:41	批量插入数据:[20004][张三4][男][2000-01-01 00:00:00] 插入True
2019-10-13 10:24:41	批量插入数据:[20005][张三5][男][2000-01-01 00:00:00] 插入True
2019-10-13 10:24:41	批量插入数据:[20006][张三6][男][2000-01-01 00:00:00] 插入True
2019-10-13 10:24:41	批量插入数据:[20007][张三7][男][2000-01-01 00:00:00] 插入True
2019-10-13 10:24:41	批量插入数据:[20008][张三8][男][2000-01-01 00:00:00] 插入True
2019-10-13 10:24:41	批量插入数据:[20009][张三9][男][2000-01-01 00:00:00] 插入True
2019-10-13 10:24:41	批量插入数据:[20010][张三10][男][2000-01-01 00:00:00] 插入True
2019-10-13 10:24:41	批量插入数据:[20011][张三11][男][2000-01-01 00:00:00] 插入True
2019-10-13 10:24:41	批量插入数据:[20012][张三12][男][2000-01-01 00:00:00] 插入True
2019-10-13 10:24:41	批量插入数据:[20013][张三13][男][2000-01-01 00:00:00] 插入True
2019-10-13 10:24:41	批量插入数据:[20014][张三14][男][2000-01-01 00:00:00] 插入True
2019-10-13 10:24:41	批量插入数据:[20015][张三15][男][2000-01-01 00:00:00] 插入True
2019-10-13 10:24:41	批量插入数据:[20016][张三16][男][2000-01-01 00:00:00] 插入True
2019-10-13 10:24:42	批量插入数据:[20017][张三17][男][2000-01-01 00:00:00] 插入True
2019-10-13 10:24:42	批量插入数据:[20018][张三18][男][2000-01-01 00:00:00] 插入True
2019-10-13 10:24:42	批量插入数据:[20019][张三19][男][2000-01-01 00:00:00] 插入True
2019-10-13 10:24:42	批量插入数据:[20020][张三20][男][2000-01-01 00:00:00] 插入True
2019-10-13 10:24:42	批量插入数据:[20021][张三21][男][2000-01-01 00:00:00] 插入True
2019-10-13 10:24:42	批量插入数据:[20022][张三22][男][2000-01-01 00:00:00] 插入True
2019-10-13 10:24:42	批量插入数据:[20023][张三23][男][2000-01-01 00:00:00] 插入True
2019-10-13 10:24:42	批量插入数据:[20024][张三24][男][2000-01-01 00:00:00] 插入True
2019-10-13 10:24:42	批量插入数据:[20025][张三25][男][2000-01-01 00:00:00] 插入True
2019-10-13 10:24:42	批量插入数据:[20026][张三26][男][2000-01-01 00:00:00] 插入True
2019-10-13 10:24:42	批量插入数据:[20027][张三27][男][2000-01-01 00:00:00] 插入True
2019-10-13 10:24:42	批量插入数据:[20028][张三28][男][2000-01-01 00:00:00] 插入True
2019-10-13 10:24:42	批量插入数据:[20029][张三29][男][2000-01-01 00:00:00] 插入True
2019-10-13 10:24:42	批量插入数据:[20030][张三30][男][2000-01-01 00:00:00] 插入True
2019-10-13 10:24:42	批量插入数据:[20031][张三31][男][2000-01-01 00:00:00] 插入True
2019-10-13 10:24:42	批量插入数据:[20032][张三32][男][2000-01-01 00:00:00] 插入True
2019-10-13 10:24:42	批量插入数据:[20033][张三33][男][2000-01-01 00:00:00] 插入True
2019-10-13 10:24:42	批量插入数据:[20034][张三34][男][2000-01-01 00:00:00] 插入True
2019-10-13 10:24:42	批量插入数据:[20035][张三35][男][2000-01-01 00:00:00] 插入True
2019-10-13 10:24:42	批量插入数据:[20036][张三36][男][2000-01-01 00:00:00] 插入True
2019-10-13 10:24:42	批量插入数据:[20037][张三37][男][2000-01-01 00:00:00] 插入True
2019-10-13 10:24:42	批量插入数据:[20038][张三38][男][2000-01-01 00:00:00] 插入True
2019-10-13 10:24:42	批量插入数据:[20039][张三39][男][2000-01-01 00:00:00] 插入True
2019-10-13 10:24:42	批量插入数据:[20040][张三40][男][2000-01-01 00:00:00] 插入True
2019-10-13 10:24:42	批量插入数据:[20041][张三41][男][2000-01-01 00:00:00] 插入True
2019-10-13 10:24:42	批量插入数据:[20042][张三42][男][2000-01-01 00:00:00] 插入True
2019-10-13 10:24:42	批量插入数据:[20043][张三43][男][2000-01-01 00:00:00] 插入True
2019-10-13 10:24:42	批量插入数据:[20044][张三44][男][2000-01-01 00:00:00] 插入True
2019-10-13 10:24:42	批量插入数据:[20045][张三45][男][2000-01-01 00:00:00] 插入True
2019-10-13 10:24:42	批量插入数据:[20046][张三46][男][2000-01-01 00:00:00] 插入True
2019-10-13 10:24:42	批量插入数据:[20047][张三47][男][2000-01-01 00:00:00] 插入True
2019-10-13 10:24:42	批量插入数据:[20048][张三48][男][2000-01-01 00:00:00] 插入True
2019-10-13 10:24:42	批量插入数据:[20049][张三49][男][2000-01-01 00:00:00] 插入True
2019-10-13 10:24:42	批量插入数据:[20050][张三50][男][2000-01-01 00:00:00] 插入True
2019-10-13 10:24:42	批量插入数据:[20051][张三51][男][2000-01-01 00:00:00] 插入True
2019-10-13 10:24:42	批量插入数据:[20052][张三52][男][2000-01-01 00:00:00] 插入True
2019-10-13 10:24:42	批量插入数据:[20053][张三53][男][2000-01-01 00:00:00] 插入True
2019-10-13 10:24:42	批量插入数据:[20054][张三54][男][2000-01-01 00:00:00] 插入True
2019-10-13 10:24:43	批量插入数据:[20055][张三55][男][2000-01-01 00:00:00] 插入True
2019-10-13 10:24:43	批量插入数据:[20056][张三56][男][2000-01-01 00:00:00] 插入True
2019-10-13 10:24:43	批量插入数据:[20057][张三57][男][2000-01-01 00:00:00] 插入True
2019-10-13 10:24:43	批量插入数据:[20058][张三58][男][2000-01-01 00:00:00] 插入True
2019-10-13 10:24:43	批量插入数据:[20059][张三59][男][2000-01-01 00:00:00] 插入True
2019-10-13 10:24:43	批量插入数据:[20060][张三60][男][2000-01-01 00:00:00] 插入True
2019-10-13 10:24:43	批量插入数据:[20061][张三61][男][2000-01-01 00:00:00] 插入True
2019-10-13 10:24:43	批量插入数据:[20062][张三62][男][2000-01-01 00:00:00] 插入True
2019-10-13 10:24:43	批量插入数据:[20063][张三63][男][2000-01-01 00:00:00] 插入True
2019-10-13 10:24:43	批量插入数据:[20064][张三64][男][2000-01-01 00:00:00] 插入True
2019-10-13 10:24:43	批量插入数据:[20065][张三65][男][2000-01-01 00:00:00] 插入True
2019-10-13 10:24:43	批量插入数据:[20066][张三66][男][2000-01-01 00:00:00] 插入True
2019-10-13 10:24:43	批量插入数据:[20067][张三67][男][2000-01-01 00:00:00] 插入True
2019-10-13 10:24:43	批量插入数据:[20068][张三68][男][2000-01-01 00:00:00] 插入True
2019-10-13 10:24:43	批量插入数据:[20069][张三69][男][2000-01-01 00:00:00] 插入True
2019-10-13 10:24:43	批量插入数据:[20070][张三70][男][2000-01-01 00:00:00] 插入True
2019-10-13 10:24:43	批量插入数据:[20071][张三71][男][2000-01-01 00:00:00] 插入True
2019-10-13 10:24:43	批量插入数据:[20072][张三72][男][2000-01-01 00:00:00] 插入True
2019-10-13 10:24:43	批量插入数据:[20073][张三73][男][2000-01-01 00:00:00] 插入True
2019-10-13 10:24:43	批量插入数据:[20074][张三74][男][2000-01-01 00:00:00] 插入True
2019-10-13 10:24:43	批量插入数据:[20075][张三75][男][2000-01-01 00:00:00] 插入True
2019-10-13 10:24:43	批量插入数据:[20076][张三76][男][2000-01-01 00:00:00] 插入True
2019-10-13 10:24:43	批量插入数据:[20077][张三77][男][2000-01-01 00:00:00] 插入True
2019-10-13 10:24:43	批量插入数据:[20078][张三78][男][2000-01-01 00:00:00] 插入True
2019-10-13 10:24:43	批量插入数据:[20079][张三79][男][2000-01-01 00:00:00] 插入True
2019-10-13 10:24:43	批量插入数据:[20080][张三80][男][2000-01-01 00:00:00] 插入True
2019-10-13 10:24:43	批量插入数据:[20081][张三81][男][2000-01-01 00:00:00] 插入True
2019-10-13 10:24:43	批量插入数据:[20082][张三82][男][2000-01-01 00:00:00] 插入True
2019-10-13 10:24:43	批量插入数据:[20083][张三83][男][2000-01-01 00:00:00] 插入True
2019-10-13 10:24:43	批量插入数据:[20084][张三84][男][2000-01-01 00:00:00] 插入True
2019-10-13 10:24:43	批量插入数据:[20085][张三85][男][2000-01-01 00:00:00] 插入True
2019-10-13 10:24:43	批量插入数据:[20086][张三86][男][2000-01-01 00:00:00] 插入True
2019-10-13 10:24:43	批量插入数据:[20087][张三87][男][2000-01-01 00:00:00] 插入True
2019-10-13 10:24:43	批量插入数据:[20088][张三88][男][2000-01-01 00:00:00] 插入True
2019-10-13 10:24:43	批量插入数据:[20089][张三89][男][2000-01-01 00:00:00] 插入True
2019-10-13 10:24:43	批量插入数据:[20090][张三90][男][2000-01-01 00:00:00] 插入True
2019-10-13 10:24:43	批量插入数据:[20091][张三91][男][2000-01-01 00:00:00] 插入True
2019-10-13 10:24:44	批量插入数据:[20092][张三92][男][2000-01-01 00:00:00] 插入True
2019-10-13 10:24:44	批量插入数据:[20093][张三93][男][2000-01-01 00:00:00] 插入True
2019-10-13 10:24:44	批量插入数据:[20094][张三94][男][2000-01-01 00:00:00] 插入True
2019-10-13 10:24:44	批量插入数据:[20095][张三95][男][2000-01-01 00:00:00] 插入True
2019-10-13 10:24:44	批量插入数据:[20096][张三96][男][2000-01-01 00:00:00] 插入True
2019-10-13 10:24:44	批量插入数据:[20097][张三97][男][2000-01-01 00:00:00] 插入True
2019-10-13 10:24:44	批量插入数据:[20098][张三98][男][2000-01-01 00:00:00] 插入True
2019-10-13 10:24:44	批量插入数据:[20099][张三99][男][2000-01-01 00:00:00] 插入True
2019-10-13 10:24:44	批量插入数据:[20100][张三100][男][2000-01-01 00:00:00] 插入True
2019-10-13 10:24:44	批量插入数据:[20101][张三101][男][2000-01-01 00:00:00] 插入True
2019-10-13 10:24:44	批量插入数据:[20102][张三102][男][2000-01-01 00:00:00] 插入True
2019-10-13 10:24:44	批量插入数据:[20103][张三103][男][2000-01-01 00:00:00] 插入True
2019-10-13 10:24:44	批量插入数据:[20104][张三104][男][2000-01-01 00:00:00] 插入True
2019-10-13 10:24:44	批量插入数据:[20105][张三105][男][2000-01-01 00:00:00] 插入True
2019-10-13 10:24:44	批量插入数据:[20106][张三106][男][2000-01-01 00:00:00] 插入True
2019-10-13 10:24:44	批量插入数据:[20107][张三107][男][2000-01-01 00:00:00] 插入True
2019-10-13 10:24:44	批量插入数据:[20108][张三108][男][2000-01-01 00:00:00] 插入True
2019-10-13 10:24:44	批量插入数据:[20109][张三109][男][2000-01-01 00:00:00] 插入True
2019-10-13 10:24:44	批量插入数据:[20110][张三110][男][2000-01-01 00:00:00] 插入True
2019-10-13 10:24:44	批量插入数据:[20111][张三111][男][2000-01-01 00:00:00] 插入True
2019-10-13 10:24:44	批量插入数据:[20112][张三112][男][2000-01-01 00:00:00] 插入True
2019-10-13 10:24:44	批量插入数据:[20113][张三113][男][2000-01-01 00:00:00] 插入True
2019-10-13 10:24:44	批量插入数据:[20114][张三114][男][2000-01-01 00:00:00] 插入True
2019-10-13 10:24:44	批量插入数据:[20115][张三115][男][2000-01-01 00:00:00] 插入True
2019-10-13 10:24:44	批量插入数据:[20116][张三116][男][2000-01-01 00:00:00] 插入True
2019-10-13 10:24:44	批量插入数据:[20117][张三117][男][2000-01-01 00:00:00] 插入True
2019-10-13 10:24:44	批量插入数据:[20118][张三118][男][2000-01-01 00:00:00] 插入True
2019-10-13 10:24:44	批量插入数据:[20119][张三119][男][2000-01-01 00:00:00] 插入True
2019-10-13 10:24:44	批量插入数据:[20120][张三120][男][2000-01-01 00:00:00] 插入True
2019-10-13 10:24:44	批量插入数据:[20121][张三121][男][2000-01-01 00:00:00] 插入True
2019-10-13 10:24:44	批量插入数据:[20122][张三122][男][2000-01-01 00:00:00] 插入True
2019-10-13 10:24:44	批量插入数据:[20123][张三123][男][2000-01-01 00:00:00] 插入True
2019-10-13 10:24:44	批量插入数据:[20124][张三124][男][2000-01-01 00:00:00] 插入True
2019-10-13 10:24:44	批量插入数据:[20125][张三125][男][2000-01-01 00:00:00] 插入True
2019-10-13 10:24:44	批量插入数据:[20126][张三126][男][2000-01-01 00:00:00] 插入True
2019-10-13 10:24:44	批量插入数据:[20127][张三127][男][2000-01-01 00:00:00] 插入True
2019-10-13 10:24:44	批量插入数据:[20128][张三128][男][2000-01-01 00:00:00] 插入True
2019-10-13 10:24:44	批量插入数据:[20129][张三129][男][2000-01-01 00:00:00] 插入True
2019-10-13 10:24:45	批量插入数据:[20130][张三130][男][2000-01-01 00:00:00] 插入True
2019-10-13 10:24:45	批量插入数据:[20131][张三131][男][2000-01-01 00:00:00] 插入True
2019-10-13 10:24:45	批量插入数据:[20132][张三132][男][2000-01-01 00:00:00] 插入True
2019-10-13 10:24:45	批量插入数据:[20133][张三133][男][2000-01-01 00:00:00] 插入True
2019-10-13 10:24:45	批量插入数据:[20134][张三134][男][2000-01-01 00:00:00] 插入True
2019-10-13 10:24:45	批量插入数据:[20135][张三135][男][2000-01-01 00:00:00] 插入True
2019-10-13 10:24:45	批量插入数据:[20136][张三136][男][2000-01-01 00:00:00] 插入True
2019-10-13 10:24:45	批量插入数据:[20137][张三137][男][2000-01-01 00:00:00] 插入True
2019-10-13 10:24:45	批量插入数据:[20138][张三138][男][2000-01-01 00:00:00] 插入True
2019-10-13 10:24:45	批量插入数据:[20139][张三139][男][2000-01-01 00:00:00] 插入True
2019-10-13 10:24:45	批量插入数据:[20140][张三140][男][2000-01-01 00:00:00] 插入True
2019-10-13 10:24:45	批量插入数据:[20141][张三141][男][2000-01-01 00:00:00] 插入True
2019-10-13 10:24:45	批量插入数据:[20142][张三142][男][2000-01-01 00:00:00] 插入True
2019-10-13 10:24:45	批量插入数据:[20143][张三143][男][2000-01-01 00:00:00] 插入True
2019-10-13 10:24:45	批量插入数据:[20144][张三144][男][2000-01-01 00:00:00] 插入True
2019-10-13 10:24:45	批量插入数据:[20145][张三145][男][2000-01-01 00:00:00] 插入True
2019-10-13 10:24:45	批量插入数据:[20146][张三146][男][2000-01-01 00:00:00] 插入True
2019-10-13 10:24:45	批量插入数据:[20147][张三147][男][2000-01-01 00:00:00] 插入True
2019-10-13 10:24:45	批量插入数据:[20148][张三148][男][2000-01-01 00:00:00] 插入True
2019-10-13 10:24:45	批量插入数据:[20149][张三149][男][2000-01-01 00:00:00] 插入True
2019-10-13 10:24:45	批量插入数据:[20150][张三150][男][2000-01-01 00:00:00] 插入True
2019-10-13 10:24:45	批量插入数据:[20151][张三151][男][2000-01-01 00:00:00] 插入True
2019-10-13 10:24:45	批量插入数据:[20152][张三152][男][2000-01-01 00:00:00] 插入True
2019-10-13 10:24:45	批量插入数据:[20153][张三153][男][2000-01-01 00:00:00] 插入True
2019-10-13 10:24:45	批量插入数据:[20154][张三154][男][2000-01-01 00:00:00] 插入True
2019-10-13 10:24:45	批量插入数据:[20155][张三155][男][2000-01-01 00:00:00] 插入True
2019-10-13 10:24:45	批量插入数据:[20156][张三156][男][2000-01-01 00:00:00] 插入True
2019-10-13 10:24:45	批量插入数据:[20157][张三157][男][2000-01-01 00:00:00] 插入True
2019-10-13 10:24:45	批量插入数据:[20158][张三158][男][2000-01-01 00:00:00] 插入True
2019-10-13 10:24:45	批量插入数据:[20159][张三159][男][2000-01-01 00:00:00] 插入True
2019-10-13 10:24:45	批量插入数据:[20160][张三160][男][2000-01-01 00:00:00] 插入True
2019-10-13 10:24:45	批量插入数据:[20161][张三161][男][2000-01-01 00:00:00] 插入True
2019-10-13 10:24:45	批量插入数据:[20162][张三162][男][2000-01-01 00:00:00] 插入True
2019-10-13 10:24:45	批量插入数据:[20163][张三163][男][2000-01-01 00:00:00] 插入True
2019-10-13 10:24:45	批量插入数据:[20164][张三164][男][2000-01-01 00:00:00] 插入True
2019-10-13 10:24:45	批量插入数据:[20165][张三165][男][2000-01-01 00:00:00] 插入True
2019-10-13 10:24:45	批量插入数据:[20166][张三166][男][2000-01-01 00:00:00] 插入True
2019-10-13 10:24:45	批量插入数据:[20167][张三167][男][2000-01-01 00:00:00] 插入True
2019-10-13 10:24:46	批量插入数据:[20168][张三168][男][2000-01-01 00:00:00] 插入True
2019-10-13 10:24:46	批量插入数据:[20169][张三169][男][2000-01-01 00:00:00] 插入True
2019-10-13 10:24:46	批量插入数据:[20170][张三170][男][2000-01-01 00:00:00] 插入True
2019-10-13 10:24:46	批量插入数据:[20171][张三171][男][2000-01-01 00:00:00] 插入True
2019-10-13 10:24:46	批量插入数据:[20172][张三172][男][2000-01-01 00:00:00] 插入True
2019-10-13 10:24:46	批量插入数据:[20173][张三173][男][2000-01-01 00:00:00] 插入True
2019-10-13 10:24:46	批量插入数据:[20174][张三174][男][2000-01-01 00:00:00] 插入True
2019-10-13 10:24:46	批量插入数据:[20175][张三175][男][2000-01-01 00:00:00] 插入True
2019-10-13 10:24:46	批量插入数据:[20176][张三176][男][2000-01-01 00:00:00] 插入True
2019-10-13 10:24:46	批量插入数据:[20177][张三177][男][2000-01-01 00:00:00] 插入True
2019-10-13 10:24:46	批量插入数据:[20178][张三178][男][2000-01-01 00:00:00] 插入True
2019-10-13 10:24:46	批量插入数据:[20179][张三179][男][2000-01-01 00:00:00] 插入True
2019-10-13 10:24:46	批量插入数据:[20180][张三180][男][2000-01-01 00:00:00] 插入True
2019-10-13 10:24:46	批量插入数据:[20181][张三181][男][2000-01-01 00:00:00] 插入True
2019-10-13 10:24:46	批量插入数据:[20182][张三182][男][2000-01-01 00:00:00] 插入True
2019-10-13 10:24:46	批量插入数据:[20183][张三183][男][2000-01-01 00:00:00] 插入True
2019-10-13 10:24:46	批量插入数据:[20184][张三184][男][2000-01-01 00:00:00] 插入True
2019-10-13 10:24:46	批量插入数据:[20185][张三185][男][2000-01-01 00:00:00] 插入True
2019-10-13 10:24:46	批量插入数据:[20186][张三186][男][2000-01-01 00:00:00] 插入True
2019-10-13 10:24:46	批量插入数据:[20187][张三187][男][2000-01-01 00:00:00] 插入True
2019-10-13 10:24:46	批量插入数据:[20188][张三188][男][2000-01-01 00:00:00] 插入True
2019-10-13 10:24:46	批量插入数据:[20189][张三189][男][2000-01-01 00:00:00] 插入True
2019-10-13 10:24:46	批量插入数据:[20190][张三190][男][2000-01-01 00:00:00] 插入True
2019-10-13 10:24:46	批量插入数据:[20191][张三191][男][2000-01-01 00:00:00] 插入True
2019-10-13 10:24:46	批量插入数据:[20192][张三192][男][2000-01-01 00:00:00] 插入True
2019-10-13 10:24:46	批量插入数据:[20193][张三193][男][2000-01-01 00:00:00] 插入True
2019-10-13 10:24:46	批量插入数据:[20194][张三194][男][2000-01-01 00:00:00] 插入True
2019-10-13 10:24:46	批量插入数据:[20195][张三195][男][2000-01-01 00:00:00] 插入True
2019-10-13 10:24:46	批量插入数据:[20196][张三196][男][2000-01-01 00:00:00] 插入True
2019-10-13 10:24:46	批量插入数据:[20197][张三197][男][2000-01-01 00:00:00] 插入True
2019-10-13 10:24:46	批量插入数据:[20198][张三198][男][2000-01-01 00:00:00] 插入True
2019-10-13 10:24:46	批量插入数据:[20199][张三199][男][2000-01-01 00:00:00] 插入True
2019-10-13 10:24:46	批量插入数据:[20200][张三200][男][2000-01-01 00:00:00] 插入True
2019-10-13 10:24:46	批量插入数据:[20201][张三201][男][2000-01-01 00:00:00] 插入True
2019-10-13 10:24:46	批量插入数据:[20202][张三202][男][2000-01-01 00:00:00] 插入True
2019-10-13 10:24:46	批量插入数据:[20203][张三203][男][2000-01-01 00:00:00] 插入True
2019-10-13 10:24:46	批量插入数据:[20204][张三204][男][2000-01-01 00:00:00] 插入True
2019-10-13 10:24:47	批量插入数据:[20205][张三205][男][2000-01-01 00:00:00] 插入True
2019-10-13 10:24:47	批量插入数据:[20206][张三206][男][2000-01-01 00:00:00] 插入True
2019-10-13 10:24:47	批量插入数据:[20207][张三207][男][2000-01-01 00:00:00] 插入True
2019-10-13 10:24:47	批量插入数据:[20208][张三208][男][2000-01-01 00:00:00] 插入True
2019-10-13 10:24:47	批量插入数据:[20209][张三209][男][2000-01-01 00:00:00] 插入True
2019-10-13 10:24:47	批量插入数据:[20210][张三210][男][2000-01-01 00:00:00] 插入True
2019-10-13 10:24:47	批量插入数据:[20211][张三211][男][2000-01-01 00:00:00] 插入True
2019-10-13 10:24:47	批量插入数据:[20212][张三212][男][2000-01-01 00:00:00] 插入True
2019-10-13 10:24:47	批量插入数据:[20213][张三213][男][2000-01-01 00:00:00] 插入True
2019-10-13 10:24:47	批量插入数据:[20214][张三214][男][2000-01-01 00:00:00] 插入True
2019-10-13 10:24:47	批量插入数据:[20215][张三215][男][2000-01-01 00:00:00] 插入True
2019-10-13 10:24:47	批量插入数据:[20216][张三216][男][2000-01-01 00:00:00] 插入True
2019-10-13 10:24:47	批量插入数据:[20217][张三217][男][2000-01-01 00:00:00] 插入True
2019-10-13 10:24:47	批量插入数据:[20218][张三218][男][2000-01-01 00:00:00] 插入True
2019-10-13 10:24:47	批量插入数据:[20219][张三219][男][2000-01-01 00:00:00] 插入True
2019-10-13 10:24:47	批量插入数据:[20220][张三220][男][2000-01-01 00:00:00] 插入True
2019-10-13 10:24:47	批量插入数据:[20221][张三221][男][2000-01-01 00:00:00] 插入True
2019-10-13 10:24:47	批量插入数据:[20222][张三222][男][2000-01-01 00:00:00] 插入True
2019-10-13 10:24:47	批量插入数据:[20223][张三223][男][2000-01-01 00:00:00] 插入True
2019-10-13 10:24:47	批量插入数据:[20224][张三224][男][2000-01-01 00:00:00] 插入True
2019-10-13 10:24:47	批量插入数据:[20225][张三225][男][2000-01-01 00:00:00] 插入True
2019-10-13 10:24:47	批量插入数据:[20226][张三226][男][2000-01-01 00:00:00] 插入True
2019-10-13 10:24:47	批量插入数据:[20227][张三227][男][2000-01-01 00:00:00] 插入True
2019-10-13 10:24:47	批量插入数据:[20228][张三228][男][2000-01-01 00:00:00] 插入True
2019-10-13 10:24:47	批量插入数据:[20229][张三229][男][2000-01-01 00:00:00] 插入True
2019-10-13 10:24:47	批量插入数据:[20230][张三230][男][2000-01-01 00:00:00] 插入True
2019-10-13 10:24:47	批量插入数据:[20231][张三231][男][2000-01-01 00:00:00] 插入True
2019-10-13 10:24:47	批量插入数据:[20232][张三232][男][2000-01-01 00:00:00] 插入True
2019-10-13 10:24:47	批量插入数据:[20233][张三233][男][2000-01-01 00:00:00] 插入True
2019-10-13 10:24:47	批量插入数据:[20234][张三234][男][2000-01-01 00:00:00] 插入True
2019-10-13 10:24:47	批量插入数据:[20235][张三235][男][2000-01-01 00:00:00] 插入True
2019-10-13 10:24:47	批量插入数据:[20236][张三236][男][2000-01-01 00:00:00] 插入True
2019-10-13 10:24:47	批量插入数据:[20237][张三237][男][2000-01-01 00:00:00] 插入True
2019-10-13 10:24:47	批量插入数据:[20238][张三238][男][2000-01-01 00:00:00] 插入True
2019-10-13 10:24:47	批量插入数据:[20239][张三239][男][2000-01-01 00:00:00] 插入True
2019-10-13 10:24:47	批量插入数据:[20240][张三240][男][2000-01-01 00:00:00] 插入True
2019-10-13 10:24:47	批量插入数据:[20241][张三241][男][2000-01-01 00:00:00] 插入True
2019-10-13 10:24:47	批量插入数据:[20242][张三242][男][2000-01-01 00:00:00] 插入True
2019-10-13 10:24:48	批量插入数据:[20243][张三243][男][2000-01-01 00:00:00] 插入True
2019-10-13 10:24:48	批量插入数据:[20244][张三244][男][2000-01-01 00:00:00] 插入True
2019-10-13 10:24:48	批量插入数据:[20245][张三245][男][2000-01-01 00:00:00] 插入True
2019-10-13 10:24:48	批量插入数据:[20246][张三246][男][2000-01-01 00:00:00] 插入True
2019-10-13 10:24:48	批量插入数据:[20247][张三247][男][2000-01-01 00:00:00] 插入True
2019-10-13 10:24:48	批量插入数据:[20248][张三248][男][2000-01-01 00:00:00] 插入True
2019-10-13 10:24:48	批量插入数据:[20249][张三249][男][2000-01-01 00:00:00] 插入True
2019-10-13 10:24:48	批量插入数据:[20250][张三250][男][2000-01-01 00:00:00] 插入True
2019-10-13 10:24:48	批量插入数据:[20251][张三251][男][2000-01-01 00:00:00] 插入True
2019-10-13 10:24:48	批量插入数据:[20252][张三252][男][2000-01-01 00:00:00] 插入True
2019-10-13 10:24:48	批量插入数据:[20253][张三253][男][2000-01-01 00:00:00] 插入True
2019-10-13 10:24:48	批量插入数据:[20254][张三254][男][2000-01-01 00:00:00] 插入True
2019-10-13 10:24:48	批量插入数据:[20255][张三255][男][2000-01-01 00:00:00] 插入True
2019-10-13 10:24:48	批量插入数据:[20256][张三256][男][2000-01-01 00:00:00] 插入True
2019-10-13 10:24:48	批量插入数据:[20257][张三257][男][2000-01-01 00:00:00] 插入True
2019-10-13 10:24:48	批量插入数据:[20258][张三258][男][2000-01-01 00:00:00] 插入True
2019-10-13 10:24:48	批量插入数据:[20259][张三259][男][2000-01-01 00:00:00] 插入True
2019-10-13 10:24:48	批量插入数据:[20260][张三260][男][2000-01-01 00:00:00] 插入True
2019-10-13 10:24:48	批量插入数据:[20261][张三261][男][2000-01-01 00:00:00] 插入True
2019-10-13 10:24:48	批量插入数据:[20262][张三262][男][2000-01-01 00:00:00] 插入True
2019-10-13 10:24:48	批量插入数据:[20263][张三263][男][2000-01-01 00:00:00] 插入True
2019-10-13 10:24:48	批量插入数据:[20264][张三264][男][2000-01-01 00:00:00] 插入True
2019-10-13 10:24:48	批量插入数据:[20265][张三265][男][2000-01-01 00:00:00] 插入True
2019-10-13 10:24:48	批量插入数据:[20266][张三266][男][2000-01-01 00:00:00] 插入True
2019-10-13 10:24:48	批量插入数据:[20267][张三267][男][2000-01-01 00:00:00] 插入True
2019-10-13 10:24:48	批量插入数据:[20268][张三268][男][2000-01-01 00:00:00] 插入True
2019-10-13 10:24:48	批量插入数据:[20269][张三269][男][2000-01-01 00:00:00] 插入True
2019-10-13 10:24:48	批量插入数据:[20270][张三270][男][2000-01-01 00:00:00] 插入True
2019-10-13 10:24:48	批量插入数据:[20271][张三271][男][2000-01-01 00:00:00] 插入True
2019-10-13 10:24:48	批量插入数据:[20272][张三272][男][2000-01-01 00:00:00] 插入True
2019-10-13 10:24:48	批量插入数据:[20273][张三273][男][2000-01-01 00:00:00] 插入True
2019-10-13 10:24:48	批量插入数据:[20274][张三274][男][2000-01-01 00:00:00] 插入True
2019-10-13 10:24:48	批量插入数据:[20275][张三275][男][2000-01-01 00:00:00] 插入True
2019-10-13 10:24:48	批量插入数据:[20276][张三276][男][2000-01-01 00:00:00] 插入True
2019-10-13 10:24:48	批量插入数据:[20277][张三277][男][2000-01-01 00:00:00] 插入True
2019-10-13 10:24:48	批量插入数据:[20278][张三278][男][2000-01-01 00:00:00] 插入True
2019-10-13 10:24:48	批量插入数据:[20279][张三279][男][2000-01-01 00:00:00] 插入True
2019-10-13 10:24:48	批量插入数据:[20280][张三280][男][2000-01-01 00:00:00] 插入True
2019-10-13 10:24:49	批量插入数据:[20281][张三281][男][2000-01-01 00:00:00] 插入True
2019-10-13 10:24:49	批量插入数据:[20282][张三282][男][2000-01-01 00:00:00] 插入True
2019-10-13 10:24:49	批量插入数据:[20283][张三283][男][2000-01-01 00:00:00] 插入True
2019-10-13 10:24:49	批量插入数据:[20284][张三284][男][2000-01-01 00:00:00] 插入True
2019-10-13 10:24:49	批量插入数据:[20285][张三285][男][2000-01-01 00:00:00] 插入True
2019-10-13 10:24:49	批量插入数据:[20286][张三286][男][2000-01-01 00:00:00] 插入True
2019-10-13 10:24:49	批量插入数据:[20287][张三287][男][2000-01-01 00:00:00] 插入True
2019-10-13 10:24:49	批量插入数据:[20288][张三288][男][2000-01-01 00:00:00] 插入True
2019-10-13 10:24:49	批量插入数据:[20289][张三289][男][2000-01-01 00:00:00] 插入True
2019-10-13 10:24:49	批量插入数据:[20290][张三290][男][2000-01-01 00:00:00] 插入True
2019-10-13 10:24:49	批量插入数据:[20291][张三291][男][2000-01-01 00:00:00] 插入True
2019-10-13 10:24:49	批量插入数据:[20292][张三292][男][2000-01-01 00:00:00] 插入True
2019-10-13 10:24:49	批量插入数据:[20293][张三293][男][2000-01-01 00:00:00] 插入True
2019-10-13 10:24:49	批量插入数据:[20294][张三294][男][2000-01-01 00:00:00] 插入True
2019-10-13 10:24:49	批量插入数据:[20295][张三295][男][2000-01-01 00:00:00] 插入True
2019-10-13 10:24:49	批量插入数据:[20296][张三296][男][2000-01-01 00:00:00] 插入True
2019-10-13 10:24:49	批量插入数据:[20297][张三297][男][2000-01-01 00:00:00] 插入True
2019-10-13 10:24:49	批量插入数据:[20298][张三298][男][2000-01-01 00:00:00] 插入True
2019-10-13 10:24:49	批量插入数据:[20299][张三299][男][2000-01-01 00:00:00] 插入True
2019-10-13 10:24:49	批量插入数据:[20300][张三300][男][2000-01-01 00:00:00] 插入True
2019-10-13 10:24:49	批量插入数据:[20301][张三301][男][2000-01-01 00:00:00] 插入True
2019-10-13 10:24:49	批量插入数据:[20302][张三302][男][2000-01-01 00:00:00] 插入True
2019-10-13 10:24:49	批量插入数据:[20303][张三303][男][2000-01-01 00:00:00] 插入True
2019-10-13 10:24:49	批量插入数据:[20304][张三304][男][2000-01-01 00:00:00] 插入True
2019-10-13 10:24:49	批量插入数据:[20305][张三305][男][2000-01-01 00:00:00] 插入True
2019-10-13 10:24:49	批量插入数据:[20306][张三306][男][2000-01-01 00:00:00] 插入True
2019-10-13 10:24:49	批量插入数据:[20307][张三307][男][2000-01-01 00:00:00] 插入True
2019-10-13 10:24:49	批量插入数据:[20308][张三308][男][2000-01-01 00:00:00] 插入True
2019-10-13 10:24:49	批量插入数据:[20309][张三309][男][2000-01-01 00:00:00] 插入True
2019-10-13 10:24:49	批量插入数据:[20310][张三310][男][2000-01-01 00:00:00] 插入True
2019-10-13 10:24:49	批量插入数据:[20311][张三311][男][2000-01-01 00:00:00] 插入True
2019-10-13 10:24:49	批量插入数据:[20312][张三312][男][2000-01-01 00:00:00] 插入True
2019-10-13 10:24:49	批量插入数据:[20313][张三313][男][2000-01-01 00:00:00] 插入True
2019-10-13 10:24:49	批量插入数据:[20314][张三314][男][2000-01-01 00:00:00] 插入True
2019-10-13 10:24:49	批量插入数据:[20315][张三315][男][2000-01-01 00:00:00] 插入True
2019-10-13 10:24:49	批量插入数据:[20316][张三316][男][2000-01-01 00:00:00] 插入True
2019-10-13 10:24:49	批量插入数据:[20317][张三317][男][2000-01-01 00:00:00] 插入True
2019-10-13 10:24:50	批量插入数据:[20318][张三318][男][2000-01-01 00:00:00] 插入True
2019-10-13 10:24:50	批量插入数据:[20319][张三319][男][2000-01-01 00:00:00] 插入True
2019-10-13 10:24:50	批量插入数据:[20320][张三320][男][2000-01-01 00:00:00] 插入True
2019-10-13 10:24:50	批量插入数据:[20321][张三321][男][2000-01-01 00:00:00] 插入True
2019-10-13 10:24:50	批量插入数据:[20322][张三322][男][2000-01-01 00:00:00] 插入True
2019-10-13 10:24:50	批量插入数据:[20323][张三323][男][2000-01-01 00:00:00] 插入True
2019-10-13 10:24:50	批量插入数据:[20324][张三324][男][2000-01-01 00:00:00] 插入True
2019-10-13 10:24:50	批量插入数据:[20325][张三325][男][2000-01-01 00:00:00] 插入True
2019-10-13 10:24:50	批量插入数据:[20326][张三326][男][2000-01-01 00:00:00] 插入True
2019-10-13 10:24:50	批量插入数据:[20327][张三327][男][2000-01-01 00:00:00] 插入True
2019-10-13 10:24:50	批量插入数据:[20328][张三328][男][2000-01-01 00:00:00] 插入True
2019-10-13 10:24:50	批量插入数据:[20329][张三329][男][2000-01-01 00:00:00] 插入True
2019-10-13 10:24:50	批量插入数据:[20330][张三330][男][2000-01-01 00:00:00] 插入True
2019-10-13 10:24:50	批量插入数据:[20331][张三331][男][2000-01-01 00:00:00] 插入True
2019-10-13 10:24:50	批量插入数据:[20332][张三332][男][2000-01-01 00:00:00] 插入True
2019-10-13 10:24:50	批量插入数据:[20333][张三333][男][2000-01-01 00:00:00] 插入True
2019-10-13 10:24:50	批量插入数据:[20334][张三334][男][2000-01-01 00:00:00] 插入True
2019-10-13 10:24:50	批量插入数据:[20335][张三335][男][2000-01-01 00:00:00] 插入True
2019-10-13 10:24:50	批量插入数据:[20336][张三336][男][2000-01-01 00:00:00] 插入True
2019-10-13 10:24:50	批量插入数据:[20337][张三337][男][2000-01-01 00:00:00] 插入True
2019-10-13 10:24:50	批量插入数据:[20338][张三338][男][2000-01-01 00:00:00] 插入True
2019-10-13 10:24:50	批量插入数据:[20339][张三339][男][2000-01-01 00:00:00] 插入True
2019-10-13 10:24:50	批量插入数据:[20340][张三340][男][2000-01-01 00:00:00] 插入True
2019-10-13 10:24:50	批量插入数据:[20341][张三341][男][2000-01-01 00:00:00] 插入True
2019-10-13 10:24:50	批量插入数据:[20342][张三342][男][2000-01-01 00:00:00] 插入True
2019-10-13 10:24:50	批量插入数据:[20343][张三343][男][2000-01-01 00:00:00] 插入True
2019-10-13 10:24:50	批量插入数据:[20344][张三344][男][2000-01-01 00:00:00] 插入True
2019-10-13 10:24:50	批量插入数据:[20345][张三345][男][2000-01-01 00:00:00] 插入True
2019-10-13 10:24:50	批量插入数据:[20346][张三346][男][2000-01-01 00:00:00] 插入True
2019-10-13 10:24:50	批量插入数据:[20347][张三347][男][2000-01-01 00:00:00] 插入True
2019-10-13 10:24:50	批量插入数据:[20348][张三348][男][2000-01-01 00:00:00] 插入True
2019-10-13 10:24:50	批量插入数据:[20349][张三349][男][2000-01-01 00:00:00] 插入True
2019-10-13 10:24:50	批量插入数据:[20350][张三350][男][2000-01-01 00:00:00] 插入True
2019-10-13 10:24:50	批量插入数据:[20351][张三351][男][2000-01-01 00:00:00] 插入True
2019-10-13 10:24:50	批量插入数据:[20352][张三352][男][2000-01-01 00:00:00] 插入True
2019-10-13 10:24:50	批量插入数据:[20353][张三353][男][2000-01-01 00:00:00] 插入True
2019-10-13 10:24:50	批量插入数据:[20354][张三354][男][2000-01-01 00:00:00] 插入True
2019-10-13 10:24:51	批量插入数据:[20355][张三355][男][2000-01-01 00:00:00] 插入True
2019-10-13 10:24:51	批量插入数据:[20356][张三356][男][2000-01-01 00:00:00] 插入True
2019-10-13 10:24:51	批量插入数据:[20357][张三357][男][2000-01-01 00:00:00] 插入True
2019-10-13 10:24:51	批量插入数据:[20358][张三358][男][2000-01-01 00:00:00] 插入True
2019-10-13 10:24:51	批量插入数据:[20359][张三359][男][2000-01-01 00:00:00] 插入True
2019-10-13 10:24:51	批量插入数据:[20360][张三360][男][2000-01-01 00:00:00] 插入True
2019-10-13 10:24:51	批量插入数据:[20361][张三361][男][2000-01-01 00:00:00] 插入True
2019-10-13 10:24:51	批量插入数据:[20362][张三362][男][2000-01-01 00:00:00] 插入True
2019-10-13 10:24:51	批量插入数据:[20363][张三363][男][2000-01-01 00:00:00] 插入True
2019-10-13 10:24:51	批量插入数据:[20364][张三364][男][2000-01-01 00:00:00] 插入True
2019-10-13 10:24:51	批量插入数据:[20365][张三365][男][2000-01-01 00:00:00] 插入True
2019-10-13 10:24:51	批量插入数据:[20366][张三366][男][2000-01-01 00:00:00] 插入True
2019-10-13 10:24:51	批量插入数据:[20367][张三367][男][2000-01-01 00:00:00] 插入True
2019-10-13 10:24:51	批量插入数据:[20368][张三368][男][2000-01-01 00:00:00] 插入True
2019-10-13 10:24:51	批量插入数据:[20369][张三369][男][2000-01-01 00:00:00] 插入True
2019-10-13 10:24:51	批量插入数据:[20370][张三370][男][2000-01-01 00:00:00] 插入True
2019-10-13 10:24:51	批量插入数据:[20371][张三371][男][2000-01-01 00:00:00] 插入True
2019-10-13 10:24:51	批量插入数据:[20372][张三372][男][2000-01-01 00:00:00] 插入True
2019-10-13 10:24:51	批量插入数据:[20373][张三373][男][2000-01-01 00:00:00] 插入True
2019-10-13 10:24:51	批量插入数据:[20374][张三374][男][2000-01-01 00:00:00] 插入True
2019-10-13 10:24:51	批量插入数据:[20375][张三375][男][2000-01-01 00:00:00] 插入True
2019-10-13 10:24:51	批量插入数据:[20376][张三376][男][2000-01-01 00:00:00] 插入True
2019-10-13 10:24:51	批量插入数据:[20377][张三377][男][2000-01-01 00:00:00] 插入True
2019-10-13 10:24:51	批量插入数据:[20378][张三378][男][2000-01-01 00:00:00] 插入True
2019-10-13 10:24:51	批量插入数据:[20379][张三379][男][2000-01-01 00:00:00] 插入True
2019-10-13 10:24:51	批量插入数据:[20380][张三380][男][2000-01-01 00:00:00] 插入True
2019-10-13 10:24:51	批量插入数据:[20381][张三381][男][2000-01-01 00:00:00] 插入True
2019-10-13 10:24:51	批量插入数据:[20382][张三382][男][2000-01-01 00:00:00] 插入True
2019-10-13 10:24:51	批量插入数据:[20383][张三383][男][2000-01-01 00:00:00] 插入True
2019-10-13 10:24:51	批量插入数据:[20384][张三384][男][2000-01-01 00:00:00] 插入True
2019-10-13 10:24:51	批量插入数据:[20385][张三385][男][2000-01-01 00:00:00] 插入True
2019-10-13 10:24:51	批量插入数据:[20386][张三386][男][2000-01-01 00:00:00] 插入True
2019-10-13 10:24:51	批量插入数据:[20387][张三387][男][2000-01-01 00:00:00] 插入True
2019-10-13 10:24:51	批量插入数据:[20388][张三388][男][2000-01-01 00:00:00] 插入True
2019-10-13 10:24:51	批量插入数据:[20389][张三389][男][2000-01-01 00:00:00] 插入True
2019-10-13 10:24:51	批量插入数据:[20390][张三390][男][2000-01-01 00:00:00] 插入True
2019-10-13 10:24:51	批量插入数据:[20391][张三391][男][2000-01-01 00:00:00] 插入True
2019-10-13 10:24:51	批量插入数据:[20392][张三392][男][2000-01-01 00:00:00] 插入True
2019-10-13 10:24:52	批量插入数据:[20393][张三393][男][2000-01-01 00:00:00] 插入True
2019-10-13 10:24:52	批量插入数据:[20394][张三394][男][2000-01-01 00:00:00] 插入True
2019-10-13 10:24:52	批量插入数据:[20395][张三395][男][2000-01-01 00:00:00] 插入True
2019-10-13 10:24:52	批量插入数据:[20396][张三396][男][2000-01-01 00:00:00] 插入True
2019-10-13 10:24:52	批量插入数据:[20397][张三397][男][2000-01-01 00:00:00] 插入True
2019-10-13 10:24:52	批量插入数据:[20398][张三398][男][2000-01-01 00:00:00] 插入True
2019-10-13 10:24:52	批量插入数据:[20399][张三399][男][2000-01-01 00:00:00] 插入True
2019-10-13 10:24:52	批量插入数据:[20400][张三400][男][2000-01-01 00:00:00] 插入True
2019-10-13 10:24:52	批量插入数据:[20401][张三401][男][2000-01-01 00:00:00] 插入True
2019-10-13 10:24:52	批量插入数据:[20402][张三402][男][2000-01-01 00:00:00] 插入True
2019-10-13 10:24:52	批量插入数据:[20403][张三403][男][2000-01-01 00:00:00] 插入True
2019-10-13 10:24:52	批量插入数据:[20404][张三404][男][2000-01-01 00:00:00] 插入True
2019-10-13 10:24:52	批量插入数据:[20405][张三405][男][2000-01-01 00:00:00] 插入True
2019-10-13 10:24:52	批量插入数据:[20406][张三406][男][2000-01-01 00:00:00] 插入True
2019-10-13 10:24:52	批量插入数据:[20407][张三407][男][2000-01-01 00:00:00] 插入True
2019-10-13 10:24:52	批量插入数据:[20408][张三408][男][2000-01-01 00:00:00] 插入True
2019-10-13 10:24:52	批量插入数据:[20409][张三409][男][2000-01-01 00:00:00] 插入True
2019-10-13 10:24:52	批量插入数据:[20410][张三410][男][2000-01-01 00:00:00] 插入True
2019-10-13 10:24:52	批量插入数据:[20411][张三411][男][2000-01-01 00:00:00] 插入True
2019-10-13 10:24:52	批量插入数据:[20412][张三412][男][2000-01-01 00:00:00] 插入True
2019-10-13 10:24:52	批量插入数据:[20413][张三413][男][2000-01-01 00:00:00] 插入True
2019-10-13 10:24:52	批量插入数据:[20414][张三414][男][2000-01-01 00:00:00] 插入True
2019-10-13 10:24:52	批量插入数据:[20415][张三415][男][2000-01-01 00:00:00] 插入True
2019-10-13 10:24:52	批量插入数据:[20416][张三416][男][2000-01-01 00:00:00] 插入True
2019-10-13 10:24:52	批量插入数据:[20417][张三417][男][2000-01-01 00:00:00] 插入True
2019-10-13 10:24:52	批量插入数据:[20418][张三418][男][2000-01-01 00:00:00] 插入True
2019-10-13 10:24:52	批量插入数据:[20419][张三419][男][2000-01-01 00:00:00] 插入True
2019-10-13 10:24:52	批量插入数据:[20420][张三420][男][2000-01-01 00:00:00] 插入True
2019-10-13 10:24:52	批量插入数据:[20421][张三421][男][2000-01-01 00:00:00] 插入True
2019-10-13 10:24:52	批量插入数据:[20422][张三422][男][2000-01-01 00:00:00] 插入True
2019-10-13 10:24:52	批量插入数据:[20423][张三423][男][2000-01-01 00:00:00] 插入True
2019-10-13 10:24:52	批量插入数据:[20424][张三424][男][2000-01-01 00:00:00] 插入True
2019-10-13 10:24:52	批量插入数据:[20425][张三425][男][2000-01-01 00:00:00] 插入True
2019-10-13 10:24:52	批量插入数据:[20426][张三426][男][2000-01-01 00:00:00] 插入True
2019-10-13 10:24:52	批量插入数据:[20427][张三427][男][2000-01-01 00:00:00] 插入True
2019-10-13 10:24:52	批量插入数据:[20428][张三428][男][2000-01-01 00:00:00] 插入True
2019-10-13 10:24:52	批量插入数据:[20429][张三429][男][2000-01-01 00:00:00] 插入True
2019-10-13 10:24:52	批量插入数据:[20430][张三430][男][2000-01-01 00:00:00] 插入True
2019-10-13 10:24:53	批量插入数据:[20431][张三431][男][2000-01-01 00:00:00] 插入True
2019-10-13 10:24:53	批量插入数据:[20432][张三432][男][2000-01-01 00:00:00] 插入True
2019-10-13 10:24:53	批量插入数据:[20433][张三433][男][2000-01-01 00:00:00] 插入True
2019-10-13 10:24:53	批量插入数据:[20434][张三434][男][2000-01-01 00:00:00] 插入True
2019-10-13 10:24:53	批量插入数据:[20435][张三435][男][2000-01-01 00:00:00] 插入True
2019-10-13 10:24:53	批量插入数据:[20436][张三436][男][2000-01-01 00:00:00] 插入True
2019-10-13 10:24:53	批量插入数据:[20437][张三437][男][2000-01-01 00:00:00] 插入True
2019-10-13 10:24:53	批量插入数据:[20438][张三438][男][2000-01-01 00:00:00] 插入True
2019-10-13 10:24:53	批量插入数据:[20439][张三439][男][2000-01-01 00:00:00] 插入True
2019-10-13 10:24:53	批量插入数据:[20440][张三440][男][2000-01-01 00:00:00] 插入True
2019-10-13 10:24:53	批量插入数据:[20441][张三441][男][2000-01-01 00:00:00] 插入True
2019-10-13 10:24:53	批量插入数据:[20442][张三442][男][2000-01-01 00:00:00] 插入True
2019-10-13 10:24:53	批量插入数据:[20443][张三443][男][2000-01-01 00:00:00] 插入True
2019-10-13 10:24:53	批量插入数据:[20444][张三444][男][2000-01-01 00:00:00] 插入True
2019-10-13 10:24:53	批量插入数据:[20445][张三445][男][2000-01-01 00:00:00] 插入True
2019-10-13 10:24:53	批量插入数据:[20446][张三446][男][2000-01-01 00:00:00] 插入True
2019-10-13 10:24:53	批量插入数据:[20447][张三447][男][2000-01-01 00:00:00] 插入True
2019-10-13 10:24:53	批量插入数据:[20448][张三448][男][2000-01-01 00:00:00] 插入True
2019-10-13 10:24:53	批量插入数据:[20449][张三449][男][2000-01-01 00:00:00] 插入True
2019-10-13 10:24:53	批量插入数据:[20450][张三450][男][2000-01-01 00:00:00] 插入True
2019-10-13 10:24:53	批量插入数据:[20451][张三451][男][2000-01-01 00:00:00] 插入True
2019-10-13 10:24:53	批量插入数据:[20452][张三452][男][2000-01-01 00:00:00] 插入True
2019-10-13 10:24:53	批量插入数据:[20453][张三453][男][2000-01-01 00:00:00] 插入True
2019-10-13 10:24:53	批量插入数据:[20454][张三454][男][2000-01-01 00:00:00] 插入True
2019-10-13 10:24:53	批量插入数据:[20455][张三455][男][2000-01-01 00:00:00] 插入True
2019-10-13 10:24:53	批量插入数据:[20456][张三456][男][2000-01-01 00:00:00] 插入True
2019-10-13 10:24:53	批量插入数据:[20457][张三457][男][2000-01-01 00:00:00] 插入True
2019-10-13 10:24:53	批量插入数据:[20458][张三458][男][2000-01-01 00:00:00] 插入True
2019-10-13 10:24:53	批量插入数据:[20459][张三459][男][2000-01-01 00:00:00] 插入True
2019-10-13 10:24:53	批量插入数据:[20460][张三460][男][2000-01-01 00:00:00] 插入True
2019-10-13 10:24:53	批量插入数据:[20461][张三461][男][2000-01-01 00:00:00] 插入True
2019-10-13 10:24:53	批量插入数据:[20462][张三462][男][2000-01-01 00:00:00] 插入True
2019-10-13 10:24:53	批量插入数据:[20463][张三463][男][2000-01-01 00:00:00] 插入True
2019-10-13 10:24:53	批量插入数据:[20464][张三464][男][2000-01-01 00:00:00] 插入True
2019-10-13 10:24:53	批量插入数据:[20465][张三465][男][2000-01-01 00:00:00] 插入True
2019-10-13 10:24:53	批量插入数据:[20466][张三466][男][2000-01-01 00:00:00] 插入True
2019-10-13 10:24:53	批量插入数据:[20467][张三467][男][2000-01-01 00:00:00] 插入True
2019-10-13 10:24:53	批量插入数据:[20468][张三468][男][2000-01-01 00:00:00] 插入True
2019-10-13 10:24:54	批量插入数据:[20469][张三469][男][2000-01-01 00:00:00] 插入True
2019-10-13 10:24:54	批量插入数据:[20470][张三470][男][2000-01-01 00:00:00] 插入True
2019-10-13 10:24:54	批量插入数据:[20471][张三471][男][2000-01-01 00:00:00] 插入True
2019-10-13 10:24:54	批量插入数据:[20472][张三472][男][2000-01-01 00:00:00] 插入True
2019-10-13 10:24:54	批量插入数据:[20473][张三473][男][2000-01-01 00:00:00] 插入True
2019-10-13 10:24:54	批量插入数据:[20474][张三474][男][2000-01-01 00:00:00] 插入True
2019-10-13 10:24:54	批量插入数据:[20475][张三475][男][2000-01-01 00:00:00] 插入True
2019-10-13 10:24:54	批量插入数据:[20476][张三476][男][2000-01-01 00:00:00] 插入True
2019-10-13 10:24:54	批量插入数据:[20477][张三477][男][2000-01-01 00:00:00] 插入True
2019-10-13 10:24:54	批量插入数据:[20478][张三478][男][2000-01-01 00:00:00] 插入True
2019-10-13 10:24:54	批量插入数据:[20479][张三479][男][2000-01-01 00:00:00] 插入True
2019-10-13 10:24:54	批量插入数据:[20480][张三480][男][2000-01-01 00:00:00] 插入True
2019-10-13 10:24:54	批量插入数据:[20481][张三481][男][2000-01-01 00:00:00] 插入True
2019-10-13 10:24:54	批量插入数据:[20482][张三482][男][2000-01-01 00:00:00] 插入True
2019-10-13 10:24:54	批量插入数据:[20483][张三483][男][2000-01-01 00:00:00] 插入True
2019-10-13 10:24:54	批量插入数据:[20484][张三484][男][2000-01-01 00:00:00] 插入True
2019-10-13 10:24:54	批量插入数据:[20485][张三485][男][2000-01-01 00:00:00] 插入True
2019-10-13 10:24:54	批量插入数据:[20486][张三486][男][2000-01-01 00:00:00] 插入True
2019-10-13 10:24:54	批量插入数据:[20487][张三487][男][2000-01-01 00:00:00] 插入True
2019-10-13 10:24:54	批量插入数据:[20488][张三488][男][2000-01-01 00:00:00] 插入True
2019-10-13 10:24:54	批量插入数据:[20489][张三489][男][2000-01-01 00:00:00] 插入True
2019-10-13 10:24:54	批量插入数据:[20490][张三490][男][2000-01-01 00:00:00] 插入True
2019-10-13 10:24:54	批量插入数据:[20491][张三491][男][2000-01-01 00:00:00] 插入True
2019-10-13 10:24:54	批量插入数据:[20492][张三492][男][2000-01-01 00:00:00] 插入True
2019-10-13 10:24:54	批量插入数据:[20493][张三493][男][2000-01-01 00:00:00] 插入True
2019-10-13 10:24:54	批量插入数据:[20494][张三494][男][2000-01-01 00:00:00] 插入True
2019-10-13 10:24:54	批量插入数据:[20495][张三495][男][2000-01-01 00:00:00] 插入True
2019-10-13 10:24:54	批量插入数据:[20496][张三496][男][2000-01-01 00:00:00] 插入True
2019-10-13 10:24:54	批量插入数据:[20497][张三497][男][2000-01-01 00:00:00] 插入True
2019-10-13 10:24:54	批量插入数据:[20498][张三498][男][2000-01-01 00:00:00] 插入True
2019-10-13 10:24:54	批量插入数据:[20499][张三499][男][2000-01-01 00:00:00] 插入True
2019-10-13 10:24:54	批量插入数据:插入500条数据，耗时13228.2991毫秒
2019-10-13 10:27:28	新增数据:插入数据成功
2019-10-13 10:27:37	新增数据:插入数据失败
